<?xml version="1.0" encoding="UTF-8"?>
<testsuite xmlns:xsi="http://www.w3.org/2001/XMLSchema-instance" xsi:noNamespaceSchemaLocation="https://maven.apache.org/surefire/maven-surefire-plugin/xsd/surefire-test-report-3.0.xsd" version="3.0" name="com.flutteruki.calendar.management.ClientCalendarManagementApplicationTests" time="1.511" tests="1" errors="0" skipped="0" failures="0">
  <properties>
[...]
</properties>
  <testcase name="contextLoads" classname="com.flutteruki.calendar.management.ClientCalendarManagementApplicationTests" time="0.433">
    <system-out><![CDATA[18:31:45.905 [main] INFO org.springframework.test.context.support.AnnotationConfigContextLoaderUtils -- Could not detect default configuration classes for test class [com.flutteruki.calendar.management.ClientCalendarManagementApplicationTests]: ClientCalendarManagementApplicationTests does not declare any static, non-private, non-final, nested classes annotated with @Configuration.
18:31:45.948 [main] INFO org.springframework.boot.test.context.SpringBootTestContextBootstrapper -- Found @SpringBootConfiguration com.flutteruki.calendar.management.ClientCalendarManagementApplication for test class com.flutteruki.calendar.management.ClientCalendarManagementApplicationTests

  .   ____          _            __ _ _
 /\\ / ___'_ __ _ _(_)_ __  __ _ \ \ \ \
( ( )\___ | '_ | '_| | '_ \/ _` | \ \ \ \
 \\/  ___)| |_)| | | | | || (_| |  ) ) ) )
  '  |____| .__|_| |_|_| |_\__, | / / / /
 =========|_|==============|___/=/_/_/_/
 :: Spring Boot ::                (v3.2.5)

2024-04-30T18:31:46.123+01:00  INFO 64211 --- [Client Calendar Management] [           main] ClientCalendarManagementApplicationTests : Starting ClientCalendarManagementApplicationTests using Java 17.0.8.1 with PID 64211 (started by nunesj in /Users/nunesj/Documents/client-calendar-management)
2024-04-30T18:31:46.124+01:00  INFO 64211 --- [Client Calendar Management] [           main] ClientCalendarManagementApplicationTests : No active profile set, falling back to 1 default profile: "default"
2024-04-30T18:31:46.367+01:00  INFO 64211 --- [Client Calendar Management] [           main] .s.d.r.c.RepositoryConfigurationDelegate : Bootstrapping Spring Data Elasticsearch repositories in DEFAULT mode.
2024-04-30T18:31:46.379+01:00  INFO 64211 --- [Client Calendar Management] [           main] .s.d.r.c.RepositoryConfigurationDelegate : Finished Spring Data repository scanning in 5 ms. Found 0 Elasticsearch repository interfaces.
2024-04-30T18:31:46.382+01:00  INFO 64211 --- [Client Calendar Management] [           main] .s.d.r.c.RepositoryConfigurationDelegate : Bootstrapping Spring Data Reactive Elasticsearch repositories in DEFAULT mode.
2024-04-30T18:31:46.383+01:00  INFO 64211 --- [Client Calendar Management] [           main] .s.d.r.c.RepositoryConfigurationDelegate : Finished Spring Data repository scanning in 1 ms. Found 0 Reactive Elasticsearch repository interfaces.
2024-04-30T18:31:46.887+01:00  INFO 64211 --- [Client Calendar Management] [           main] ClientCalendarManagementApplicationTests : Started ClientCalendarManagementApplicationTests in 0.87 seconds (process running for 1.33)
]]></system-out>
  </testcase>
</testsuite>